This is pdfTeX, Version 3.1415926-2.4-1.40.13 (TeX Live 2012) (format=latex 2013.4.17)  30 JUN 2013 01:30
entering extended mode
 restricted \write18 enabled.
 %&-line parsing enabled.
**journal
(./journal.tex
LaTeX2e <2011/06/27>
Babel <v3.8m> and hyphenation patterns for english, dumylang, nohyphenation, ge
rman-x-2012-05-30, ngerman-x-2012-05-30, afrikaans, ancientgreek, ibycus, arabi
c, armenian, basque, bulgarian, catalan, pinyin, coptic, croatian, czech, danis
h, dutch, ukenglish, usenglishmax, esperanto, estonian, ethiopic, farsi, finnis
h, french, friulan, galician, german, ngerman, swissgerman, monogreek, greek, h
ungarian, icelandic, assamese, bengali, gujarati, hindi, kannada, malayalam, ma
rathi, oriya, panjabi, tamil, telugu, indonesian, interlingua, irish, italian, 
kurmanji, latin, latvian, lithuanian, mongolian, mongolianlmc, bokmal, nynorsk,
 piedmontese, polish, portuguese, romanian, romansh, russian, sanskrit, serbian
, serbianc, slovak, slovenian, spanish, swedish, turkish, turkmen, ukrainian, u
ppersorbian, welsh, loaded.
(./ipsj.cls
Document Class: ipsj 2012/10/12 v1.04 IPSJ class
(/usr/local/texlive/2012/texmf-dist/tex/latex/graphics/color.sty
Package: color 2005/11/14 v1.0j Standard LaTeX Color (DPC)

(/usr/local/texlive/2012/texmf-dist/tex/latex/latexconfig/color.cfg
File: color.cfg 2007/01/18 v1.5 color configuration of teTeX/TeXLive
)
Package color Info: Driver file: dvips.def on input line 130.

(/usr/local/texlive/2012/texmf-dist/tex/latex/graphics/dvips.def
File: dvips.def 1999/02/16 v3.0i Driver-dependant file (DPC,SPQR)
)
(/usr/local/texlive/2012/texmf-dist/tex/latex/graphics/dvipsnam.def
File: dvipsnam.def 1999/02/16 v3.0i Driver-dependant file (DPC,SPQR)
))
\c@@paper=\count79
\h=\dimen102
\JQ=\dimen103
\Q=\dimen104
\@Q=\dimen105
\ChtE=\skip41
\CdpE=\skip42
\CwdE=\skip43
\CvsE=\skip44
\normalbaselineskip=\skip45
\c@volume=\count80
\c@number=\count81
\c@month=\count82
\c@year=\count83
\author@count=\count84
\label@count=\count85
\email@count=\count86
\affiliate@count=\count87
\offsetemail=\count88
\paffiliate@count=\count89
\shubetutitlesep=\skip46
\JEhonbunsep=\skip47
\Etitleauthorsep=\skip48
\Eauthorreceivesep=\skip49
\Ereceiveabstsep=\skip50
\Eabstkeywordsep=\skip51
\Jtitlejauthorsep=\skip52
\Jauthorjreceivesep=\skip53
\Jreceivejabstsep=\skip54
\Jabstsepjkeyword=\skip55
\Jkeywordetitle=\skip56
\Jetitleeauthor=\skip57
\Jeauthorereceivesep=\skip58
\Jereceiveeabstsep=\skip59
\Jeabstekeywordsep=\skip60
\@abstractbox=\box26
\@eabstractbox=\box27
\@jkeywordbox=\box28
\@ekeywordbox=\box29
\@keywordbox=\box30
\c@part=\count90
\c@section=\count91
\c@subsection=\count92
\c@subsubsection=\count93
\c@paragraph=\count94
\c@subparagraph=\count95
\@tempboxb=\box31
\SECTwd=\box32
\section@height=\skip61
\@abovecapskip=\dimen106
\@belowcapskip=\dimen107
\c@figure=\count96
\c@table=\count97
\abovecaptionskip=\skip62
\belowcaptionskip=\skip63
\@tempboxb=\box33
\capwidth=\dimen108
\ecapwidth=\dimen109
\bibindent=\dimen110
\c@profile=\count98
\mathindent=\dimen111
\@dummyfigbox=\box34
\twocolcapwidth=\dimen112
\twocolecapwidth=\dimen113
\@compare@result=\count99
)
(/usr/local/texlive/2012/texmf-dist/tex/latex/graphics/graphicx.sty
Package: graphicx 1999/02/16 v1.0f Enhanced LaTeX Graphics (DPC,SPQR)

(/usr/local/texlive/2012/texmf-dist/tex/latex/graphics/keyval.sty
Package: keyval 1999/03/16 v1.13 key=value parser (DPC)
\KV@toks@=\toks14
)
(/usr/local/texlive/2012/texmf-dist/tex/latex/graphics/graphics.sty
Package: graphics 2009/02/05 v1.0o Standard LaTeX Graphics (DPC,SPQR)

(/usr/local/texlive/2012/texmf-dist/tex/latex/graphics/trig.sty
Package: trig 1999/03/16 v1.09 sin cos tan (DPC)
)
(/usr/local/texlive/2012/texmf-dist/tex/latex/latexconfig/graphics.cfg
File: graphics.cfg 2010/04/23 v1.9 graphics configuration of TeX Live
)
Package graphics Info: Driver file: dvips.def on input line 91.
)
\Gin@req@height=\dimen114
\Gin@req@width=\dimen115
)
(/usr/local/texlive/2012/texmf-dist/tex/latex/base/latexsym.sty
Package: latexsym 1998/08/17 v2.2e Standard LaTeX package (lasy symbols)
\symlasy=\mathgroup4
LaTeX Font Info:    Overwriting symbol font `lasy' in version `bold'
(Font)                  U/lasy/m/n --> U/lasy/b/n on input line 47.
)
(/usr/local/texlive/2012/texmf-dist/tex/latex/amsmath/amsmath.sty
Package: amsmath 2013/01/14 v2.14 AMS math features
\@mathmargin=\skip64

For additional information on amsmath, use the `?' option.
(/usr/local/texlive/2012/texmf-dist/tex/latex/amsmath/amstext.sty
Package: amstext 2000/06/29 v2.01

(/usr/local/texlive/2012/texmf-dist/tex/latex/amsmath/amsgen.sty
File: amsgen.sty 1999/11/30 v2.0
\@emptytoks=\toks15
\ex@=\dimen116
))
(/usr/local/texlive/2012/texmf-dist/tex/latex/amsmath/amsbsy.sty
Package: amsbsy 1999/11/29 v1.2d
\pmbraise@=\dimen117
)
(/usr/local/texlive/2012/texmf-dist/tex/latex/amsmath/amsopn.sty
Package: amsopn 1999/12/14 v2.01 operator names
)
\inf@bad=\count100
LaTeX Info: Redefining \frac on input line 210.
\uproot@=\count101
\leftroot@=\count102
LaTeX Info: Redefining \overline on input line 306.
\classnum@=\count103
\DOTSCASE@=\count104
LaTeX Info: Redefining \ldots on input line 378.
LaTeX Info: Redefining \dots on input line 381.
LaTeX Info: Redefining \cdots on input line 466.
\Mathstrutbox@=\box35
\strutbox@=\box36
\big@size=\dimen118
LaTeX Font Info:    Redeclaring font encoding OML on input line 566.
LaTeX Font Info:    Redeclaring font encoding OMS on input line 567.
\macc@depth=\count105
\c@MaxMatrixCols=\count106
\dotsspace@=\muskip10
\c@parentequation=\count107
\dspbrk@lvl=\count108
\tag@help=\toks16
\row@=\count109
\column@=\count110
\maxfields@=\count111
\andhelp@=\toks17
\eqnshift@=\dimen119
\alignsep@=\dimen120
\tagshift@=\dimen121
\tagwidth@=\dimen122
\totwidth@=\dimen123
\lineht@=\dimen124
\@envbody=\toks18
\multlinegap=\skip65
\multlinetaggap=\skip66
\mathdisplay@stack=\toks19
LaTeX Info: Redefining \[ on input line 2665.
LaTeX Info: Redefining \] on input line 2666.
)
(/usr/local/texlive/2012/texmf-dist/tex/latex/subfig/subfig.sty
Package: subfig 2005/06/28 ver: 1.3 subfig package

(/usr/local/texlive/2012/texmf-dist/tex/latex/caption/caption.sty
Package: caption 2013/02/03 v3.3-65 Customizing captions (AR)

(/usr/local/texlive/2012/texmf-dist/tex/latex/caption/caption3.sty
Package: caption3 2013/02/03 v1.5-62 caption3 kernel (AR)
\captionmargin=\dimen125
\captionmargin@=\dimen126
\captionwidth=\dimen127
\caption@tempdima=\dimen128
\caption@indent=\dimen129
\caption@parindent=\dimen130
\caption@hangindent=\dimen131
Package caption Info: Unknown document class (or package),
(caption)             standard defaults will be used.
)

Package caption Warning: Unsupported document class (or package) detected,
(caption)                usage of the caption package is not recommended.
See the caption package documentation for explanation.

Package caption Info: \@makecaption = \long macro:#1#2->\footnotesize \vskip \a
bovecaptionskip \setbox \@tempboxa \hbox {\footnotesize {\bfseries #1}\hskip 1\
zw \shortstack [l]{#2}}\@tempdima \ht \@tempboxa \advance \@tempdima \dp \@temp
boxa \setbox \@tempboxb \hbox {\footnotesize {\bfseries #1}\hskip 1\zw }\ifdim 
\@tempdima > \baselineskip \ifdim \wd \@tempboxa > \capwidth \hfil \parbox [t]{
\capwidth }{\hangindent \wd \@tempboxb {\bfseries #1}\hskip 1\zw #2}\vskip 4\@Q
 \else \hfil \parbox [t]{\wd \@tempboxa }{\hangindent \wd \@tempboxb {\bfseries
 #1}\hskip 1\zw #2}\par \prevdepth =0pt\vskip -1.5\h \fi \else \ifdim \wd \@tem
pboxa > \capwidth \hfil \parbox [t]{\capwidth }{\hangindent \wd \@tempboxb {\bf
series #1}\hskip 1\zw #2}\ifx \@captype \TABLE \ifDS@english \par \vskip .25mm\
else \par \prevdepth =0pt\vskip -1.5mm\fi \else \par \prevdepth =0pt\vskip -1.5
\h \fi \else \setbox \@tempboxb \hbox {#2}\hbox to\hsize {\hfil \box \@tempboxa
 \hfil }\ifDS@english \relax \else \vspace {-\belowcaptionskip }\fi \fi \fi \vs
pace {\belowcaptionskip }\par .
\c@ContinuedFloat=\count112
)
\c@KVtest=\count113
\sf@farskip=\skip67
\sf@captopadj=\dimen132
\sf@capskip=\skip68
\sf@nearskip=\skip69
\c@subfigure=\count114
\c@subfigure@save=\count115
\c@lofdepth=\count116
\c@subtable=\count117
\c@subtable@save=\count118
\c@lotdepth=\count119
\sf@top=\skip70
\sf@bottom=\skip71
) (/usr/local/texlive/2012/texmf-dist/tex/latex/float/float.sty
Package: float 2001/11/08 v1.3d Float enhancements (AL)
\c@float@type=\count120
\float@exts=\toks20
\float@box=\box37
\@float@everytoks=\toks21
\@floatcapt=\box38
)
(/usr/local/texlive/2012/texmf-dist/tex/latex/url/url.sty
\Urlmuskip=\muskip11
Package: url 2006/04/12  ver 3.3  Verb mode for urls, etc.
)
(/usr/local/texlive/2012/texmf-dist/tex/latex/txfonts/txfonts.sty
Package: txfonts 2008/01/22 v3.2.1
LaTeX Font Info:    Redeclaring symbol font `operators' on input line 21.
LaTeX Font Info:    Overwriting symbol font `operators' in version `normal'
(Font)                  OT1/cmr/m/n --> OT1/txr/m/n on input line 21.
LaTeX Font Info:    Overwriting symbol font `operators' in version `bold'
(Font)                  OT1/cmr/bx/n --> OT1/txr/m/n on input line 21.
LaTeX Font Info:    Overwriting symbol font `operators' in version `bold'
(Font)                  OT1/txr/m/n --> OT1/txr/bx/n on input line 22.
\symitalic=\mathgroup5
LaTeX Font Info:    Overwriting symbol font `italic' in version `bold'
(Font)                  OT1/txr/m/it --> OT1/txr/bx/it on input line 26.
LaTeX Font Info:    Redeclaring math alphabet \mathbf on input line 29.
LaTeX Font Info:    Overwriting math alphabet `\mathbf' in version `normal'
(Font)                  OT1/cmr/bx/n --> OT1/txr/bx/n on input line 29.
LaTeX Font Info:    Overwriting math alphabet `\mathbf' in version `bold'
(Font)                  OT1/cmr/bx/n --> OT1/txr/bx/n on input line 29.
LaTeX Font Info:    Redeclaring math alphabet \mathit on input line 30.
LaTeX Font Info:    Overwriting math alphabet `\mathit' in version `normal'
(Font)                  OT1/cmr/m/it --> OT1/txr/m/it on input line 30.
LaTeX Font Info:    Overwriting math alphabet `\mathit' in version `bold'
(Font)                  OT1/cmr/bx/it --> OT1/txr/m/it on input line 30.
LaTeX Font Info:    Overwriting math alphabet `\mathit' in version `bold'
(Font)                  OT1/txr/m/it --> OT1/txr/bx/it on input line 31.
LaTeX Font Info:    Redeclaring math alphabet \mathsf on input line 40.
LaTeX Font Info:    Overwriting math alphabet `\mathsf' in version `normal'
(Font)                  OT1/cmss/m/n --> OT1/txss/m/n on input line 40.
LaTeX Font Info:    Overwriting math alphabet `\mathsf' in version `bold'
(Font)                  OT1/cmss/bx/n --> OT1/txss/m/n on input line 40.
LaTeX Font Info:    Overwriting math alphabet `\mathsf' in version `bold'
(Font)                  OT1/txss/m/n --> OT1/txss/b/n on input line 41.
LaTeX Font Info:    Redeclaring math alphabet \mathtt on input line 50.
LaTeX Font Info:    Overwriting math alphabet `\mathtt' in version `normal'
(Font)                  OT1/cmtt/m/n --> OT1/txtt/m/n on input line 50.
LaTeX Font Info:    Overwriting math alphabet `\mathtt' in version `bold'
(Font)                  OT1/cmtt/m/n --> OT1/txtt/m/n on input line 50.
LaTeX Font Info:    Overwriting math alphabet `\mathtt' in version `bold'
(Font)                  OT1/txtt/m/n --> OT1/txtt/b/n on input line 51.
LaTeX Font Info:    Redeclaring symbol font `letters' on input line 58.
LaTeX Font Info:    Overwriting symbol font `letters' in version `normal'
(Font)                  OML/cmm/m/it --> OML/txmi/m/it on input line 58.
LaTeX Font Info:    Overwriting symbol font `letters' in version `bold'
(Font)                  OML/cmm/b/it --> OML/txmi/m/it on input line 58.
LaTeX Font Info:    Overwriting symbol font `letters' in version `bold'
(Font)                  OML/txmi/m/it --> OML/txmi/bx/it on input line 59.
\symlettersA=\mathgroup6
LaTeX Font Info:    Overwriting symbol font `lettersA' in version `bold'
(Font)                  U/txmia/m/it --> U/txmia/bx/it on input line 67.
LaTeX Font Info:    Redeclaring symbol font `symbols' on input line 77.
LaTeX Font Info:    Overwriting symbol font `symbols' in version `normal'
(Font)                  OMS/cmsy/m/n --> OMS/txsy/m/n on input line 77.
LaTeX Font Info:    Overwriting symbol font `symbols' in version `bold'
(Font)                  OMS/cmsy/b/n --> OMS/txsy/m/n on input line 77.
LaTeX Font Info:    Overwriting symbol font `symbols' in version `bold'
(Font)                  OMS/txsy/m/n --> OMS/txsy/bx/n on input line 78.
\symAMSa=\mathgroup7
LaTeX Font Info:    Overwriting symbol font `AMSa' in version `bold'
(Font)                  U/txsya/m/n --> U/txsya/bx/n on input line 94.
\symAMSb=\mathgroup8
LaTeX Font Info:    Overwriting symbol font `AMSb' in version `bold'
(Font)                  U/txsyb/m/n --> U/txsyb/bx/n on input line 103.
\symsymbolsC=\mathgroup9
LaTeX Font Info:    Overwriting symbol font `symbolsC' in version `bold'
(Font)                  U/txsyc/m/n --> U/txsyc/bx/n on input line 113.
LaTeX Font Info:    Redeclaring symbol font `largesymbols' on input line 120.
LaTeX Font Info:    Overwriting symbol font `largesymbols' in version `normal'
(Font)                  OMX/cmex/m/n --> OMX/txex/m/n on input line 120.
LaTeX Font Info:    Overwriting symbol font `largesymbols' in version `bold'
(Font)                  OMX/cmex/m/n --> OMX/txex/m/n on input line 120.
LaTeX Font Info:    Overwriting symbol font `largesymbols' in version `bold'
(Font)                  OMX/txex/m/n --> OMX/txex/bx/n on input line 121.
\symlargesymbolsA=\mathgroup10
LaTeX Font Info:    Overwriting symbol font `largesymbolsA' in version `bold'
(Font)                  U/txexa/m/n --> U/txexa/bx/n on input line 129.
LaTeX Info: Redefining \not on input line 1043.
)
(/usr/local/texlive/2012/texmf-dist/tex/latex/txfonts/ot1txtt.fd
File: ot1txtt.fd 2000/12/15 v3.1
)
(./journal.aux)
\openout1 = `journal.aux'.

LaTeX Font Info:    Checking defaults for OML/txmi/m/it on input line 29.
LaTeX Font Info:    Try loading font information for OML+txmi on input line 29.


(/usr/local/texlive/2012/texmf-dist/tex/latex/txfonts/omltxmi.fd
File: omltxmi.fd 2000/12/15 v3.1
)
LaTeX Font Info:    ... okay on input line 29.
LaTeX Font Info:    Checking defaults for T1/cmr/m/n on input line 29.
LaTeX Font Info:    ... okay on input line 29.
LaTeX Font Info:    Checking defaults for OT1/cmr/m/n on input line 29.
LaTeX Font Info:    ... okay on input line 29.
LaTeX Font Info:    Checking defaults for OMS/txsy/m/n on input line 29.
LaTeX Font Info:    Try loading font information for OMS+txsy on input line 29.


(/usr/local/texlive/2012/texmf-dist/tex/latex/txfonts/omstxsy.fd
File: omstxsy.fd 2000/12/15 v3.1
)
LaTeX Font Info:    ... okay on input line 29.
LaTeX Font Info:    Checking defaults for OMX/txex/m/n on input line 29.
LaTeX Font Info:    Try loading font information for OMX+txex on input line 29.


(/usr/local/texlive/2012/texmf-dist/tex/latex/txfonts/omxtxex.fd
File: omxtxex.fd 2000/12/15 v3.1
)
LaTeX Font Info:    ... okay on input line 29.
LaTeX Font Info:    Checking defaults for U/txexa/m/n on input line 29.
LaTeX Font Info:    Try loading font information for U+txexa on input line 29.

(/usr/local/texlive/2012/texmf-dist/tex/latex/txfonts/utxexa.fd
File: utxexa.fd 2000/12/15 v3.1
)
LaTeX Font Info:    ... okay on input line 29.
LaTeX Font Info:    Try loading font information for OT1+txr on input line 29.

(/usr/local/texlive/2012/texmf-dist/tex/latex/txfonts/ot1txr.fd
File: ot1txr.fd 2000/12/15 v3.1
)
Package caption Info: Begin \AtBeginDocument code.
Package caption Info: subfig package v1.3 is loaded.
Package caption Info: float package is loaded.
Package caption Info: End \AtBeginDocument code.
LaTeX Font Info:    Try loading font information for OT1+txss on input line 40.


(/usr/local/texlive/2012/texmf-dist/tex/latex/txfonts/ot1txss.fd
File: ot1txss.fd 2000/12/15 v3.1
)
LaTeX Font Info:    Font shape `OT1/txss/bx/it' in size <8.5373> not available
(Font)              Font shape `OT1/txss/b/sl' tried instead on input line 40.
LaTeX Font Info:    Font shape `OT1/txss/b/sl' will be
(Font)              scaled to size 8.1104pt on input line 40.
LaTeX Font Info:    Calculating math sizes for size <8.5373> on input line 48.
LaTeX Font Info:    Try loading font information for U+txmia on input line 48.

(/usr/local/texlive/2012/texmf-dist/tex/latex/txfonts/utxmia.fd
File: utxmia.fd 2000/12/15 v3.1
)
LaTeX Font Info:    Try loading font information for U+txsya on input line 48.

(/usr/local/texlive/2012/texmf-dist/tex/latex/txfonts/utxsya.fd
File: utxsya.fd 2000/12/15 v3.1
)
LaTeX Font Info:    Try loading font information for U+txsyb on input line 48.

(/usr/local/texlive/2012/texmf-dist/tex/latex/txfonts/utxsyb.fd
File: utxsyb.fd 2000/12/15 v3.1
)
LaTeX Font Info:    Try loading font information for U+txsyc on input line 48.

(/usr/local/texlive/2012/texmf-dist/tex/latex/txfonts/utxsyc.fd
File: utxsyc.fd 2000/12/15 v3.1
)
LaTeX Font Info:    Calculating math sizes for size <9.25> on input line 59.
LaTeX Font Info:    Calculating math sizes for size <12.56738> on input line 59
.
LaTeX Font Info:    Font shape `OT1/txss/m/n' will be
(Font)              scaled to size 7.02292pt on input line 59.
LaTeX Font Info:    Calculating math sizes for size <7.82585> on input line 59.

LaTeX Font Info:    Font shape `OT1/txss/m/n' will be
(Font)              scaled to size 8.78625pt on input line 99.
LaTeX Font Info:    Font shape `OT1/txss/bx/n' in size <9.24873> not available
(Font)              Font shape `OT1/txss/b/n' tried instead on input line 99.
LaTeX Font Info:    Font shape `OT1/txss/b/n' will be
(Font)              scaled to size 8.78625pt on input line 99.
LaTeX Font Info:    Font shape `OT1/txss/m/n' will be
(Font)              scaled to size 7.43452pt on input line 99.
LaTeX Font Info:    Try loading font information for OMS+txr on input line 99.

(/usr/local/texlive/2012/texmf-dist/tex/latex/txfonts/omstxr.fd
File: omstxr.fd 2000/12/15 v3.1
)
LaTeX Font Info:    Font shape `OMS/txr/m/n' in size <7.11441> not available
(Font)              Font shape `OMS/txsy/m/n' tried instead on input line 99.
 [1


]
File: graphs/business-relationship.eps Graphic file (type eps)

<graphs/business-relationship.eps>
Overfull \hbox (14.8297pt too wide) in paragraph at lines 113--114
 [] 
 []

File: graphs/p2p-cdn.eps Graphic file (type eps)
<graphs/p2p-cdn.eps> [2]
File: graphs/datacenter.eps Graphic file (type eps)
 <graphs/datacenter.eps>
File: graphs/cop.eps Graphic file (type eps)
 <graphs/cop.eps> [3]
LaTeX Font Info:    Calculating math sizes for size <7.82584> on input line 330
.
File: graphs/topology.eps Graphic file (type eps)

<graphs/topology.eps>
File: graphs/cdn.eps Graphic file (type eps)
 <graphs/cdn.eps>
Overfull \hbox (29.77345pt too wide) in paragraph at lines 359--360
[][] 
 []

File: graphs/cdnp2p-1.eps Graphic file (type eps)
<graphs/cdnp2p-1.eps>
Overfull \hbox (29.77345pt too wide) in paragraph at lines 365--366
[][] 
 []

File: graphs/cdnp2p-2.eps Graphic file (type eps)
<graphs/cdnp2p-2.eps>
Overfull \hbox (29.77345pt too wide) in paragraph at lines 371--372
[][] 
 []

File: graphs/cdnp2p-3.eps Graphic file (type eps)
<graphs/cdnp2p-3.eps>
Overfull \hbox (4.62192pt too wide) in paragraph at lines 377--378
[][] 
 []

File: graphs/cdnp2p-4.eps Graphic file (type eps)
<graphs/cdnp2p-4.eps>
Overfull \hbox (4.62192pt too wide) in paragraph at lines 383--384
[][] 
 []

File: graphs/diff3dimension.eps Graphic file (type eps)
<graphs/diff3dimension.eps>
File: graphs/diff3dimension2.eps Graphic file (type eps)
 <graphs/diff3dimension2.eps>
File: graphs/diff-3.eps Graphic file (type eps)
 <graphs/diff-3.eps>
File: graphs/diff-3-total.eps Graphic file (type eps)

<graphs/diff-3-total.eps> [4] [5]
File: graphs/strategy1.eps Graphic file (type eps)
 <graphs/strategy1.eps>
Overfull \hbox (11.70485pt too wide) in paragraph at lines 487--488
[][] 
 []

File: graphs/strategy2.eps Graphic file (type eps)
<graphs/strategy2.eps>
Overfull \hbox (11.70485pt too wide) in paragraph at lines 494--495
[][] 
 []

File: graphs/strategy3.eps Graphic file (type eps)
<graphs/strategy3.eps>
Overfull \hbox (11.70485pt too wide) in paragraph at lines 501--502
[][] 
 []

File: graphs/diff-2to1.eps Graphic file (type eps)
<graphs/diff-2to1.eps>
File: graphs/diff-3to1.eps Graphic file (type eps)
 <graphs/diff-3to1.eps>
File: graphs/diff-cdn.eps Graphic file (type eps)
 <graphs/diff-cdn.eps> [6]
[7] (./journal.bbl [8])
Underfull \hbox (badness 10000) in paragraph at lines 653--653
[][] \OT1/txr/m/n/9.24873 is As-sis-tant
 []

[9] (./journal.aux) ) 
Here is how much of TeX's memory you used:
 4245 strings out of 493482
 60327 string characters out of 3140988
 125208 words of memory out of 3000000
 7490 multiletter control sequences out of 15000+200000
 59559 words of font info for 177 fonts, out of 3000000 for 9000
 957 hyphenation exceptions out of 8191
 44i,15n,42p,398b,380s stack positions out of 5000i,500n,10000p,200000b,50000s

Output written on journal.dvi (9 pages, 68012 bytes).
